# JRE version: OpenJDK Runtime Environment (8.0_171-b11) (build 1.8.0_171-8u171-b11-0ubuntu0.16.04.1-b11)
# Java VM: OpenJDK 64-Bit Server VM (25.171-b11 mixed mode linux-amd64 compressed oops)
Heap:
 PSYoungGen      total 127488K, used 4592K [0x00000000d8e00000, 0x00000000e0f00000, 0x0000000100000000)
  eden space 122880K, 0% used [0x00000000d8e00000,0x00000000d8e00000,0x00000000e0600000)
  from space 4608K, 99% used [0x00000000e0600000,0x00000000e0a7c010,0x00000000e0a80000)
  to   space 4608K, 0% used [0x00000000e0a80000,0x00000000e0a80000,0x00000000e0f00000)
 ParOldGen       total 80896K, used 16564K [0x000000008aa00000, 0x000000008f900000, 0x00000000d8e00000)
  object space 80896K, 20% used [0x000000008aa00000,0x000000008ba2d300,0x000000008f900000)
 Metaspace       used 20536K, capacity 21192K, committed 21248K, reserved 1069056K
  class space    used 2373K, capacity 2557K, committed 2560K, reserved 1048576K
GC Heap History (9 events):
Event: 0.536 GC heap before
{Heap before GC invocations=1 (full 0):
 PSYoungGen      total 35328K, used 30720K [0x00000000d8e00000, 0x00000000db500000, 0x0000000100000000)
  eden space 30720K, 100% used [0x00000000d8e00000,0x00000000dac00000,0x00000000dac00000)
  from space 4608K, 0% used [0x00000000db080000,0x00000000db080000,0x00000000db500000)
  to   space 4608K, 0% used [0x00000000dac00000,0x00000000dac00000,0x00000000db080000)
 ParOldGen       total 80896K, used 0K [0x000000008aa00000, 0x000000008f900000, 0x00000000d8e00000)
  object space 80896K, 0% used [0x000000008aa00000,0x000000008aa00000,0x000000008f900000)
 Metaspace       used 7699K, capacity 7804K, committed 7936K, reserved 1056768K
  class space    used 937K, capacity 984K, committed 1024K, reserved 1048576K
Event: 0.542 GC heap after
Heap after GC invocations=1 (full 0):
 PSYoungGen      total 35328K, used 4566K [0x00000000d8e00000, 0x00000000dd300000, 0x0000000100000000)
  eden space 30720K, 0% used [0x00000000d8e00000,0x00000000d8e00000,0x00000000dac00000)
  from space 4608K, 99% used [0x00000000dac00000,0x00000000db075b90,0x00000000db080000)
  to   space 4608K, 0% used [0x00000000dce80000,0x00000000dce80000,0x00000000dd300000)
 ParOldGen       total 80896K, used 8K [0x000000008aa00000, 0x000000008f900000, 0x00000000d8e00000)
  object space 80896K, 0% used [0x000000008aa00000,0x000000008aa02000,0x000000008f900000)
 Metaspace       used 7699K, capacity 7804K, committed 7936K, reserved 1056768K
  class space    used 937K, capacity 984K, committed 1024K, reserved 1048576K
}
Event: 0.819 GC heap before
{Heap before GC invocations=2 (full 0):
 PSYoungGen      total 35328K, used 35286K [0x00000000d8e00000, 0x00000000dd300000, 0x0000000100000000)
  eden space 30720K, 100% used [0x00000000d8e00000,0x00000000dac00000,0x00000000dac00000)
  from space 4608K, 99% used [0x00000000dac00000,0x00000000db075b90,0x00000000db080000)
  to   space 4608K, 0% used [0x00000000dce80000,0x00000000dce80000,0x00000000dd300000)
 ParOldGen       total 80896K, used 8K [0x000000008aa00000, 0x000000008f900000, 0x00000000d8e00000)
  object space 80896K, 0% used [0x000000008aa00000,0x000000008aa02000,0x000000008f900000)
 Metaspace       used 10857K, capacity 11042K, committed 11264K, reserved 1058816K
  class space    used 1329K, capacity 1443K, committed 1536K, reserved 1048576K
Event: 0.824 GC heap after
Heap after GC invocations=2 (full 0):
 PSYoungGen      total 66048K, used 4606K [0x00000000d8e00000, 0x00000000dd300000, 0x0000000100000000)
  eden space 61440K, 0% used [0x00000000d8e00000,0x00000000d8e00000,0x00000000dca00000)
  from space 4608K, 99% used [0x00000000dce80000,0x00000000dd2ffab0,0x00000000dd300000)
  to   space 4608K, 0% used [0x00000000dca00000,0x00000000dca00000,0x00000000dce80000)
 ParOldGen       total 80896K, used 1392K [0x000000008aa00000, 0x000000008f900000, 0x00000000d8e00000)
  object space 80896K, 1% used [0x000000008aa00000,0x000000008ab5c090,0x000000008f900000)
 Metaspace       used 10857K, capacity 11042K, committed 11264K, reserved 1058816K
  class space    used 1329K, capacity 1443K, committed 1536K, reserved 1048576K
}
Event: 1.514 GC heap before
{Heap before GC invocations=3 (full 0):
 PSYoungGen      total 66048K, used 66046K [0x00000000d8e00000, 0x00000000dd300000, 0x0000000100000000)
  eden space 61440K, 100% used [0x00000000d8e00000,0x00000000dca00000,0x00000000dca00000)
  from space 4608K, 99% used [0x00000000dce80000,0x00000000dd2ffab0,0x00000000dd300000)
  to   space 4608K, 0% used [0x00000000dca00000,0x00000000dca00000,0x00000000dce80000)
 ParOldGen       total 80896K, used 1392K [0x000000008aa00000, 0x000000008f900000, 0x00000000d8e00000)
  object space 80896K, 1% used [0x000000008aa00000,0x000000008ab5c090,0x000000008f900000)
 Metaspace       used 15975K, capacity 16210K, committed 16384K, reserved 1062912K
  class space    used 1902K, capacity 1976K, committed 2048K, reserved 1048576K
Event: 1.526 GC heap after
Heap after GC invocations=3 (full 0):
 PSYoungGen      total 66048K, used 4592K [0x00000000d8e00000, 0x00000000e0f00000, 0x0000000100000000)
  eden space 61440K, 0% used [0x00000000d8e00000,0x00000000d8e00000,0x00000000dca00000)
  from space 4608K, 99% used [0x00000000dca00000,0x00000000dce7c010,0x00000000dce80000)
  to   space 4608K, 0% used [0x00000000e0a80000,0x00000000e0a80000,0x00000000e0f00000)
 ParOldGen       total 80896K, used 4608K [0x000000008aa00000, 0x000000008f900000, 0x00000000d8e00000)
  object space 80896K, 5% used [0x000000008aa00000,0x000000008ae80040,0x000000008f900000)
 Metaspace       used 15975K, capacity 16210K, committed 16384K, reserved 1062912K
  class space    used 1902K, capacity 1976K, committed 2048K, reserved 1048576K
}
Event: 2.048 GC heap before
{Heap before GC invocations=4 (full 0):
 PSYoungGen      total 66048K, used 66032K [0x00000000d8e00000, 0x00000000e0f00000, 0x0000000100000000)
  eden space 61440K, 100% used [0x00000000d8e00000,0x00000000dca00000,0x00000000dca00000)
  from space 4608K, 99% used [0x00000000dca00000,0x00000000dce7c010,0x00000000dce80000)
  to   space 4608K, 0% used [0x00000000e0a80000,0x00000000e0a80000,0x00000000e0f00000)
 ParOldGen       total 80896K, used 4608K [0x000000008aa00000, 0x000000008f900000, 0x00000000d8e00000)
  object space 80896K, 5% used [0x000000008aa00000,0x000000008ae80040,0x000000008f900000)
 Metaspace       used 17614K, capacity 17966K, committed 18176K, reserved 1064960K
  class space    used 2061K, capacity 2196K, committed 2304K, reserved 1048576K
Event: 2.059 GC heap after
Heap after GC invocations=4 (full 0):
 PSYoungGen      total 127488K, used 4592K [0x00000000d8e00000, 0x00000000e0f00000, 0x0000000100000000)
  eden space 122880K, 0% used [0x00000000d8e00000,0x00000000d8e00000,0x00000000e0600000)
  from space 4608K, 99% used [0x00000000e0a80000,0x00000000e0efc010,0x00000000e0f00000)
  to   space 4608K, 0% used [0x00000000e0600000,0x00000000e0600000,0x00000000e0a80000)
 ParOldGen       total 80896K, used 9723K [0x000000008aa00000, 0x000000008f900000, 0x00000000d8e00000)
  object space 80896K, 12% used [0x000000008aa00000,0x000000008b37ef00,0x000000008f900000)
 Metaspace       used 17614K, capacity 17966K, committed 18176K, reserved 1064960K
  class space    used 2061K, capacity 2196K, committed 2304K, reserved 1048576K
}
Event: 2.915 GC heap before
{Heap before GC invocations=5 (full 0):
 PSYoungGen      total 127488K, used 126237K [0x00000000d8e00000, 0x00000000e0f00000, 0x0000000100000000)
  eden space 122880K, 98% used [0x00000000d8e00000,0x00000000e04cb548,0x00000000e0600000)
  from space 4608K, 99% used [0x00000000e0a80000,0x00000000e0efc010,0x00000000e0f00000)
  to   space 4608K, 0% used [0x00000000e0600000,0x00000000e0600000,0x00000000e0a80000)
 ParOldGen       total 80896K, used 9723K [0x000000008aa00000, 0x000000008f900000, 0x00000000d8e00000)
  object space 80896K, 12% used [0x000000008aa00000,0x000000008b37ef00,0x000000008f900000)
 Metaspace       used 20536K, capacity 21192K, committed 21248K, reserved 1069056K
  class space    used 2373K, capacity 2557K, committed 2560K, reserved 1048576K

