# JRE version: OpenJDK Runtime Environment (8.0_212-b03) (build 1.8.0_212-8u212-b03-0ubuntu1.18.04.1-b03)
# Java VM: OpenJDK 64-Bit Server VM (25.212-b03 mixed mode linux-amd64 compressed oops)
Heap:
 PSYoungGen      total 1282560K, used 0K [0x000000076ab00000, 0x00000007c0000000, 0x00000007c0000000)
  eden space 1180672K, 0% used [0x000000076ab00000,0x000000076ab00000,0x00000007b2c00000)
  from space 101888K, 0% used [0x00000007b2c00000,0x00000007b2c00000,0x00000007b8f80000)
  to   space 104448K, 0% used [0x00000007b9a00000,0x00000007b9a00000,0x00000007c0000000)
 ParOldGen       total 728576K, used 147656K [0x00000006c0000000, 0x00000006ec780000, 0x000000076ab00000)
  object space 728576K, 20% used [0x00000006c0000000,0x00000006c90323f8,0x00000006ec780000)
 Metaspace       used 94517K, capacity 98262K, committed 98380K, reserved 1136640K
  class space    used 10953K, capacity 12017K, committed 12032K, reserved 1048576K
GC Heap History (10 events):
Event: 42.414 GC heap after
Heap after GC invocations=18 (full 3):
 PSYoungGen      total 1282048K, used 21648K [0x000000076ab00000, 0x00000007bfe80000, 0x00000007c0000000)
  eden space 1170432K, 0% used [0x000000076ab00000,0x000000076ab00000,0x00000007b2200000)
  from space 111616K, 19% used [0x00000007b2200000,0x00000007b3724200,0x00000007b8f00000)
  to   space 109568K, 0% used [0x00000007b9380000,0x00000007b9380000,0x00000007bfe80000)
 ParOldGen       total 728576K, used 142769K [0x00000006c0000000, 0x00000006ec780000, 0x000000076ab00000)
  object space 728576K, 19% used [0x00000006c0000000,0x00000006c8b6c420,0x00000006ec780000)
 Metaspace       used 83672K, capacity 86940K, committed 87256K, reserved 1126400K
  class space    used 9786K, capacity 10662K, committed 10752K, reserved 1048576K
}
Event: 44.057 GC heap before
{Heap before GC invocations=19 (full 3):
 PSYoungGen      total 1282048K, used 1192080K [0x000000076ab00000, 0x00000007bfe80000, 0x00000007c0000000)
  eden space 1170432K, 100% used [0x000000076ab00000,0x00000007b2200000,0x00000007b2200000)
  from space 111616K, 19% used [0x00000007b2200000,0x00000007b3724200,0x00000007b8f00000)
  to   space 109568K, 0% used [0x00000007b9380000,0x00000007b9380000,0x00000007bfe80000)
 ParOldGen       total 728576K, used 142769K [0x00000006c0000000, 0x00000006ec780000, 0x000000076ab00000)
  object space 728576K, 19% used [0x00000006c0000000,0x00000006c8b6c420,0x00000006ec780000)
 Metaspace       used 84403K, capacity 87938K, committed 88152K, reserved 1126400K
  class space    used 9894K, capacity 10807K, committed 10880K, reserved 1048576K
Event: 44.068 GC heap after
Heap after GC invocations=19 (full 3):
 PSYoungGen      total 1285632K, used 6912K [0x000000076ab00000, 0x00000007bfe00000, 0x00000007c0000000)
  eden space 1176576K, 0% used [0x000000076ab00000,0x000000076ab00000,0x00000007b2800000)
  from space 109056K, 6% used [0x00000007b9380000,0x00000007b9a40070,0x00000007bfe00000)
  to   space 109568K, 0% used [0x00000007b2800000,0x00000007b2800000,0x00000007b9300000)
 ParOldGen       total 728576K, used 142769K [0x00000006c0000000, 0x00000006ec780000, 0x000000076ab00000)
  object space 728576K, 19% used [0x00000006c0000000,0x00000006c8b6c420,0x00000006ec780000)
 Metaspace       used 84403K, capacity 87938K, committed 88152K, reserved 1126400K
  class space    used 9894K, capacity 10807K, committed 10880K, reserved 1048576K
}
Event: 45.550 GC heap before
{Heap before GC invocations=20 (full 3):
 PSYoungGen      total 1285632K, used 1183488K [0x000000076ab00000, 0x00000007bfe00000, 0x00000007c0000000)
  eden space 1176576K, 100% used [0x000000076ab00000,0x00000007b2800000,0x00000007b2800000)
  from space 109056K, 6% used [0x00000007b9380000,0x00000007b9a40070,0x00000007bfe00000)
  to   space 109568K, 0% used [0x00000007b2800000,0x00000007b2800000,0x00000007b9300000)
 ParOldGen       total 728576K, used 142769K [0x00000006c0000000, 0x00000006ec780000, 0x000000076ab00000)
  object space 728576K, 19% used [0x00000006c0000000,0x00000006c8b6c420,0x00000006ec780000)
 Metaspace       used 84471K, capacity 87954K, committed 88152K, reserved 1126400K
  class space    used 9895K, capacity 10809K, committed 10880K, reserved 1048576K
Event: 45.557 GC heap after
Heap after GC invocations=20 (full 3):
 PSYoungGen      total 1286144K, used 10212K [0x000000076ab00000, 0x00000007bfc80000, 0x00000007c0000000)
  eden space 1176576K, 0% used [0x000000076ab00000,0x000000076ab00000,0x00000007b2800000)
  from space 109568K, 9% used [0x00000007b2800000,0x00000007b31f9228,0x00000007b9300000)
  to   space 107520K, 0% used [0x00000007b9380000,0x00000007b9380000,0x00000007bfc80000)
 ParOldGen       total 728576K, used 142777K [0x00000006c0000000, 0x00000006ec780000, 0x000000076ab00000)
  object space 728576K, 19% used [0x00000006c0000000,0x00000006c8b6e420,0x00000006ec780000)
 Metaspace       used 84471K, capacity 87954K, committed 88152K, reserved 1126400K
  class space    used 9895K, capacity 10809K, committed 10880K, reserved 1048576K
}
Event: 47.014 GC heap before
{Heap before GC invocations=21 (full 3):
 PSYoungGen      total 1286144K, used 1186788K [0x000000076ab00000, 0x00000007bfc80000, 0x00000007c0000000)
  eden space 1176576K, 100% used [0x000000076ab00000,0x00000007b2800000,0x00000007b2800000)
  from space 109568K, 9% used [0x00000007b2800000,0x00000007b31f9228,0x00000007b9300000)
  to   space 107520K, 0% used [0x00000007b9380000,0x00000007b9380000,0x00000007bfc80000)
 ParOldGen       total 728576K, used 142777K [0x00000006c0000000, 0x00000006ec780000, 0x000000076ab00000)
  object space 728576K, 19% used [0x00000006c0000000,0x00000006c8b6e420,0x00000006ec780000)
 Metaspace       used 84504K, capacity 88018K, committed 88152K, reserved 1126400K
  class space    used 9895K, capacity 10809K, committed 10880K, reserved 1048576K
Event: 47.040 GC heap after
Heap after GC invocations=21 (full 3):
 PSYoungGen      total 1278464K, used 29649K [0x000000076ab00000, 0x00000007bf300000, 0x00000007c0000000)
  eden space 1180672K, 0% used [0x000000076ab00000,0x000000076ab00000,0x00000007b2c00000)
  from space 97792K, 30% used [0x00000007b9380000,0x00000007bb074440,0x00000007bf300000)
  to   space 101888K, 0% used [0x00000007b2c00000,0x00000007b2c00000,0x00000007b8f80000)
 ParOldGen       total 728576K, used 142777K [0x00000006c0000000, 0x00000006ec780000, 0x000000076ab00000)
  object space 728576K, 19% used [0x00000006c0000000,0x00000006c8b6e420,0x00000006ec780000)
 Metaspace       used 84504K, capacity 88018K, committed 88152K, reserved 1126400K
  class space    used 9895K, capacity 10809K, committed 10880K, reserved 1048576K
}
Event: 49.820 GC heap before
{Heap before GC invocations=22 (full 3):
 PSYoungGen      total 1278464K, used 1192162K [0x000000076ab00000, 0x00000007bf300000, 0x00000007c0000000)
  eden space 1180672K, 98% used [0x000000076ab00000,0x00000007b1a44520,0x00000007b2c00000)
  from space 97792K, 30% used [0x00000007b9380000,0x00000007bb074440,0x00000007bf300000)
  to   space 101888K, 0% used [0x00000007b2c00000,0x00000007b2c00000,0x00000007b8f80000)
 ParOldGen       total 728576K, used 142777K [0x00000006c0000000, 0x00000006ec780000, 0x000000076ab00000)
  object space 728576K, 19% used [0x00000006c0000000,0x00000006c8b6e420,0x00000006ec780000)
 Metaspace       used 94525K, capacity 98274K, committed 98380K, reserved 1136640K
  class space    used 10955K, capacity 12019K, committed 12032K, reserved 1048576K
Event: 49.897 GC heap after
Heap after GC invocations=22 (full 3):
 PSYoungGen      total 1282560K, used 60190K [0x000000076ab00000, 0x00000007c0000000, 0x00000007c0000000)
  eden space 1180672K, 0% used [0x000000076ab00000,0x000000076ab00000,0x00000007b2c00000)
  from space 101888K, 59% used [0x00000007b2c00000,0x00000007b66c7b48,0x00000007b8f80000)
  to   space 104448K, 0% used [0x00000007b9a00000,0x00000007b9a00000,0x00000007c0000000)
 ParOldGen       total 728576K, used 142785K [0x00000006c0000000, 0x00000006ec780000, 0x000000076ab00000)
  object space 728576K, 19% used [0x00000006c0000000,0x00000006c8b70420,0x00000006ec780000)
 Metaspace       used 94525K, capacity 98274K, committed 98380K, reserved 1136640K
  class space    used 10955K, capacity 12019K, committed 12032K, reserved 1048576K
}
Event: 49.897 GC heap before
{Heap before GC invocations=23 (full 4):
 PSYoungGen      total 1282560K, used 60190K [0x000000076ab00000, 0x00000007c0000000, 0x00000007c0000000)
  eden space 1180672K, 0% used [0x000000076ab00000,0x000000076ab00000,0x00000007b2c00000)
  from space 101888K, 59% used [0x00000007b2c00000,0x00000007b66c7b48,0x00000007b8f80000)
  to   space 104448K, 0% used [0x00000007b9a00000,0x00000007b9a00000,0x00000007c0000000)
 ParOldGen       total 728576K, used 142785K [0x00000006c0000000, 0x00000006ec780000, 0x000000076ab00000)
  object space 728576K, 19% used [0x00000006c0000000,0x00000006c8b70420,0x00000006ec780000)
 Metaspace       used 94525K, capacity 98274K, committed 98380K, reserved 1136640K
  class space    used 10955K, capacity 12019K, committed 12032K, reserved 1048576K

