# JRE version: OpenJDK Runtime Environment (8.0_171-b11) (build 1.8.0_171-8u171-b11-0ubuntu0.16.04.1-b11)
# Java VM: OpenJDK 64-Bit Server VM (25.171-b11 mixed mode linux-amd64 compressed oops)
Heap:
 PSYoungGen      total 127488K, used 4592K [0x00000000d8e00000, 0x00000000e0f00000, 0x0000000100000000)
  eden space 122880K, 0% used [0x00000000d8e00000,0x00000000d8e00000,0x00000000e0600000)
  from space 4608K, 99% used [0x00000000e0600000,0x00000000e0a7c030,0x00000000e0a80000)
  to   space 4608K, 0% used [0x00000000e0a80000,0x00000000e0a80000,0x00000000e0f00000)
 ParOldGen       total 80896K, used 16528K [0x000000008aa00000, 0x000000008f900000, 0x00000000d8e00000)
  object space 80896K, 20% used [0x000000008aa00000,0x000000008ba24030,0x000000008f900000)
 Metaspace       used 20570K, capacity 21190K, committed 21248K, reserved 1069056K
  class space    used 2373K, capacity 2555K, committed 2560K, reserved 1048576K
GC Heap History (9 events):
Event: 0.473 GC heap before
{Heap before GC invocations=1 (full 0):
 PSYoungGen      total 35328K, used 30720K [0x00000000d8e00000, 0x00000000db500000, 0x0000000100000000)
  eden space 30720K, 100% used [0x00000000d8e00000,0x00000000dac00000,0x00000000dac00000)
  from space 4608K, 0% used [0x00000000db080000,0x00000000db080000,0x00000000db500000)
  to   space 4608K, 0% used [0x00000000dac00000,0x00000000dac00000,0x00000000db080000)
 ParOldGen       total 80896K, used 0K [0x000000008aa00000, 0x000000008f900000, 0x00000000d8e00000)
  object space 80896K, 0% used [0x000000008aa00000,0x000000008aa00000,0x000000008f900000)
 Metaspace       used 7701K, capacity 7804K, committed 7936K, reserved 1056768K
  class space    used 937K, capacity 984K, committed 1024K, reserved 1048576K
Event: 0.479 GC heap after
Heap after GC invocations=1 (full 0):
 PSYoungGen      total 35328K, used 4566K [0x00000000d8e00000, 0x00000000dd300000, 0x0000000100000000)
  eden space 30720K, 0% used [0x00000000d8e00000,0x00000000d8e00000,0x00000000dac00000)
  from space 4608K, 99% used [0x00000000dac00000,0x00000000db075a70,0x00000000db080000)
  to   space 4608K, 0% used [0x00000000dce80000,0x00000000dce80000,0x00000000dd300000)
 ParOldGen       total 80896K, used 8K [0x000000008aa00000, 0x000000008f900000, 0x00000000d8e00000)
  object space 80896K, 0% used [0x000000008aa00000,0x000000008aa02000,0x000000008f900000)
 Metaspace       used 7701K, capacity 7804K, committed 7936K, reserved 1056768K
  class space    used 937K, capacity 984K, committed 1024K, reserved 1048576K
}
Event: 0.704 GC heap before
{Heap before GC invocations=2 (full 0):
 PSYoungGen      total 35328K, used 35286K [0x00000000d8e00000, 0x00000000dd300000, 0x0000000100000000)
  eden space 30720K, 100% used [0x00000000d8e00000,0x00000000dac00000,0x00000000dac00000)
  from space 4608K, 99% used [0x00000000dac00000,0x00000000db075a70,0x00000000db080000)
  to   space 4608K, 0% used [0x00000000dce80000,0x00000000dce80000,0x00000000dd300000)
 ParOldGen       total 80896K, used 8K [0x000000008aa00000, 0x000000008f900000, 0x00000000d8e00000)
  object space 80896K, 0% used [0x000000008aa00000,0x000000008aa02000,0x000000008f900000)
 Metaspace       used 10868K, capacity 11042K, committed 11264K, reserved 1058816K
  class space    used 1329K, capacity 1443K, committed 1536K, reserved 1048576K
Event: 0.708 GC heap after
Heap after GC invocations=2 (full 0):
 PSYoungGen      total 66048K, used 4576K [0x00000000d8e00000, 0x00000000dd300000, 0x0000000100000000)
  eden space 61440K, 0% used [0x00000000d8e00000,0x00000000d8e00000,0x00000000dca00000)
  from space 4608K, 99% used [0x00000000dce80000,0x00000000dd2f80c0,0x00000000dd300000)
  to   space 4608K, 0% used [0x00000000dca00000,0x00000000dca00000,0x00000000dce80000)
 ParOldGen       total 80896K, used 1490K [0x000000008aa00000, 0x000000008f900000, 0x00000000d8e00000)
  object space 80896K, 1% used [0x000000008aa00000,0x000000008ab74950,0x000000008f900000)
 Metaspace       used 10868K, capacity 11042K, committed 11264K, reserved 1058816K
  class space    used 1329K, capacity 1443K, committed 1536K, reserved 1048576K
}
Event: 1.454 GC heap before
{Heap before GC invocations=3 (full 0):
 PSYoungGen      total 66048K, used 66016K [0x00000000d8e00000, 0x00000000dd300000, 0x0000000100000000)
  eden space 61440K, 100% used [0x00000000d8e00000,0x00000000dca00000,0x00000000dca00000)
  from space 4608K, 99% used [0x00000000dce80000,0x00000000dd2f80c0,0x00000000dd300000)
  to   space 4608K, 0% used [0x00000000dca00000,0x00000000dca00000,0x00000000dce80000)
 ParOldGen       total 80896K, used 1490K [0x000000008aa00000, 0x000000008f900000, 0x00000000d8e00000)
  object space 80896K, 1% used [0x000000008aa00000,0x000000008ab74950,0x000000008f900000)
 Metaspace       used 15982K, capacity 16210K, committed 16384K, reserved 1062912K
  class space    used 1902K, capacity 1976K, committed 2048K, reserved 1048576K
Event: 1.464 GC heap after
Heap after GC invocations=3 (full 0):
 PSYoungGen      total 66048K, used 4576K [0x00000000d8e00000, 0x00000000e0f00000, 0x0000000100000000)
  eden space 61440K, 0% used [0x00000000d8e00000,0x00000000d8e00000,0x00000000dca00000)
  from space 4608K, 99% used [0x00000000dca00000,0x00000000dce78040,0x00000000dce80000)
  to   space 4608K, 0% used [0x00000000e0a80000,0x00000000e0a80000,0x00000000e0f00000)
 ParOldGen       total 80896K, used 4649K [0x000000008aa00000, 0x000000008f900000, 0x00000000d8e00000)
  object space 80896K, 5% used [0x000000008aa00000,0x000000008ae8a6f8,0x000000008f900000)
 Metaspace       used 15982K, capacity 16210K, committed 16384K, reserved 1062912K
  class space    used 1902K, capacity 1976K, committed 2048K, reserved 1048576K
}
Event: 2.062 GC heap before
{Heap before GC invocations=4 (full 0):
 PSYoungGen      total 66048K, used 66016K [0x00000000d8e00000, 0x00000000e0f00000, 0x0000000100000000)
  eden space 61440K, 100% used [0x00000000d8e00000,0x00000000dca00000,0x00000000dca00000)
  from space 4608K, 99% used [0x00000000dca00000,0x00000000dce78040,0x00000000dce80000)
  to   space 4608K, 0% used [0x00000000e0a80000,0x00000000e0a80000,0x00000000e0f00000)
 ParOldGen       total 80896K, used 4649K [0x000000008aa00000, 0x000000008f900000, 0x00000000d8e00000)
  object space 80896K, 5% used [0x000000008aa00000,0x000000008ae8a6f8,0x000000008f900000)
 Metaspace       used 17654K, capacity 18094K, committed 18432K, reserved 1064960K
  class space    used 2062K, capacity 2196K, committed 2304K, reserved 1048576K
Event: 2.071 GC heap after
Heap after GC invocations=4 (full 0):
 PSYoungGen      total 127488K, used 4576K [0x00000000d8e00000, 0x00000000e0f00000, 0x0000000100000000)
  eden space 122880K, 0% used [0x00000000d8e00000,0x00000000d8e00000,0x00000000e0600000)
  from space 4608K, 99% used [0x00000000e0a80000,0x00000000e0ef8020,0x00000000e0f00000)
  to   space 4608K, 0% used [0x00000000e0600000,0x00000000e0600000,0x00000000e0a80000)
 ParOldGen       total 80896K, used 9807K [0x000000008aa00000, 0x000000008f900000, 0x00000000d8e00000)
  object space 80896K, 12% used [0x000000008aa00000,0x000000008b393c48,0x000000008f900000)
 Metaspace       used 17654K, capacity 18094K, committed 18432K, reserved 1064960K
  class space    used 2062K, capacity 2196K, committed 2304K, reserved 1048576K
}
Event: 3.142 GC heap before
{Heap before GC invocations=5 (full 0):
 PSYoungGen      total 127488K, used 126977K [0x00000000d8e00000, 0x00000000e0f00000, 0x0000000100000000)
  eden space 122880K, 99% used [0x00000000d8e00000,0x00000000e0588520,0x00000000e0600000)
  from space 4608K, 99% used [0x00000000e0a80000,0x00000000e0ef8020,0x00000000e0f00000)
  to   space 4608K, 0% used [0x00000000e0600000,0x00000000e0600000,0x00000000e0a80000)
 ParOldGen       total 80896K, used 9807K [0x000000008aa00000, 0x000000008f900000, 0x00000000d8e00000)
  object space 80896K, 12% used [0x000000008aa00000,0x000000008b393c48,0x000000008f900000)
 Metaspace       used 20570K, capacity 21190K, committed 21248K, reserved 1069056K
  class space    used 2373K, capacity 2555K, committed 2560K, reserved 1048576K

